2025-04-23 15:45:08.604 [info] [main] Log level: Info
2025-04-23 15:45:08.604 [info] [main] Validating found git in: "git"
2025-04-23 15:45:08.604 [info] [main] Using git "2.43.0" from "git"
2025-04-23 15:45:08.604 [info] [Model][doInitialScan] Initial repository scan started
2025-04-23 15:45:08.604 [info] > git rev-parse --show-toplevel [32ms]
2025-04-23 15:45:08.604 [info] > git rev-parse --git-dir --git-common-dir [256ms]
2025-04-23 15:45:08.604 [info] [Model][openRepository] Opened repository: /root/struktur_data/struktur_data
2025-04-23 15:45:08.640 [info] > git config --get commit.template [20ms]
2025-04-23 15:45:08.656 [info] > git rev-parse --show-toplevel [19ms]
2025-04-23 15:45:08.742 [info] > git rev-parse --show-toplevel [40ms]
2025-04-23 15:45:08.742 [info] > git for-each-ref --format=%(refname)%00%(upstream:short)%00%(objectname)%00%(upstream:track)%00%(upstream:remotename)%00%(upstream:remoteref) refs/heads/main refs/remotes/main [55ms]
2025-04-23 15:45:08.796 [info] > git rev-parse --show-toplevel [3ms]
2025-04-23 15:45:08.821 [info] > git rev-parse --show-toplevel [4ms]
2025-04-23 15:45:08.822 [info] > git for-each-ref --sort -committerdate --format %(refname)%00%(objectname)%00%(*objectname) [40ms]
2025-04-23 15:45:08.844 [info] > git status -z -uall [77ms]
2025-04-23 15:45:08.844 [info] > git rev-parse --show-toplevel [4ms]
2025-04-23 15:45:08.887 [info] > git for-each-ref --format=%(refname)%00%(upstream:short)%00%(objectname)%00%(upstream:track)%00%(upstream:remotename)%00%(upstream:remoteref) refs/heads/main refs/remotes/main [21ms]
2025-04-23 15:45:08.902 [info] > git config --get commit.template [16ms]
2025-04-23 15:45:08.902 [info] > git rev-parse --show-toplevel [29ms]
2025-04-23 15:45:08.940 [info] > git config --get --local branch.main.vscode-merge-base [47ms]
2025-04-23 15:45:08.940 [warning] [Git][config] git config failed: Failed to execute git
2025-04-23 15:45:08.953 [info] > git rev-parse --show-toplevel [36ms]
2025-04-23 15:45:08.956 [info] [Model][doInitialScan] Initial repository scan completed - repositories (1), closed repositories (0), parent repositories (0), unsafe repositories (0)
2025-04-23 15:45:09.093 [info] > git for-each-ref --format=%(refname)%00%(upstream:short)%00%(objectname)%00%(upstream:track)%00%(upstream:remotename)%00%(upstream:remoteref) refs/heads/main refs/remotes/main [143ms]
2025-04-23 15:45:09.107 [info] > git reflog main --grep-reflog=branch: Created from *. [163ms]
2025-04-23 15:45:09.112 [info] > git status -z -uall [10ms]
2025-04-23 15:45:09.113 [info] > git for-each-ref --sort -committerdate --format %(refname)%00%(objectname)%00%(*objectname) [7ms]
2025-04-23 15:45:09.145 [info] > git for-each-ref --format=%(refname)%00%(upstream:short)%00%(objectname)%00%(upstream:track)%00%(upstream:remotename)%00%(upstream:remoteref) refs/heads/main refs/remotes/main [17ms]
2025-04-23 15:45:09.155 [info] > git symbolic-ref --short refs/remotes/origin/HEAD [44ms]
2025-04-23 15:45:09.155 [info] fatal: ref refs/remotes/origin/HEAD is not a symbolic ref
2025-04-23 15:45:09.155 [warning] [Repository][getDefaultBranch] Failed to get default branch details: Failed to execute git.
2025-04-23 15:45:09.162 [info] > git config --get --local branch.main.vscode-merge-base [8ms]
2025-04-23 15:45:09.162 [warning] [Git][config] git config failed: Failed to execute git
2025-04-23 15:45:09.171 [info] > git reflog main --grep-reflog=branch: Created from *. [4ms]
2025-04-23 15:45:09.176 [info] > git symbolic-ref --short refs/remotes/origin/HEAD [3ms]
2025-04-23 15:45:09.176 [info] fatal: ref refs/remotes/origin/HEAD is not a symbolic ref
2025-04-23 15:45:09.176 [warning] [Repository][getDefaultBranch] Failed to get default branch details: Failed to execute git.
2025-04-23 15:45:09.236 [info] > git check-ignore -v -z --stdin [13ms]
2025-04-23 15:45:16.474 [info] > git config --get commit.template [7ms]
2025-04-23 15:45:16.475 [info] > git for-each-ref --format=%(refname)%00%(upstream:short)%00%(objectname)%00%(upstream:track)%00%(upstream:remotename)%00%(upstream:remoteref) refs/heads/main refs/remotes/main [4ms]
2025-04-23 15:45:16.485 [info] > git status -z -uall [7ms]
2025-04-23 15:45:16.486 [info] > git for-each-ref --sort -committerdate --format %(refname)%00%(objectname)%00%(*objectname) [4ms]
2025-04-23 15:53:48.311 [info] > git log --format=%H%n%aN%n%aE%n%at%n%ct%n%P%n%D%n%B -z --shortstat --diff-merges=first-parent -n50 --skip=0 --topo-order --decorate=full --stdin [38ms]
2025-04-23 15:53:53.541 [info] > git add -A -- out/pert1/struktur_data/(struktur data).png pert1/pert1.md pert1/struktur_data.puml pert2/pert2.md [9ms]
2025-04-23 15:53:53.556 [info] > git for-each-ref --format=%(refname)%00%(upstream:short)%00%(objectname)%00%(upstream:track)%00%(upstream:remotename)%00%(upstream:remoteref) refs/heads/main refs/remotes/main [3ms]
2025-04-23 15:53:53.557 [info] > git config --get commit.template [7ms]
2025-04-23 15:53:53.565 [info] > git status -z -uall [5ms]
2025-04-23 15:53:53.569 [info] > git for-each-ref --sort -committerdate --format %(refname)%00%(objectname)%00%(*objectname) [4ms]
2025-04-23 15:53:53.938 [info] > git show --textconv :pert1/pert1.md [14ms]
2025-04-23 15:53:53.938 [info] > git show --textconv HEAD:pert1/pert1.md [11ms]
2025-04-23 15:53:53.938 [info] > git ls-files --stage -- pert1/pert1.md [6ms]
2025-04-23 15:53:53.957 [info] > git hash-object -t tree /dev/null [8ms]
2025-04-23 15:53:53.958 [warning] [GitFileSystemProvider][readFile] File not found - git:/root/struktur_data/struktur_data/pert1/pert1.md.git?%7B%22path%22%3A%22%2Froot%2Fstruktur_data%2Fstruktur_data%2Fpert1%2Fpert1.md%22%2C%22ref%22%3A%22HEAD%22%7D
2025-04-23 15:53:53.963 [info] > git cat-file -s 636159eb9cf3db4f55cb8088acd8b6f350a1a865 [19ms]
2025-04-23 15:53:53.966 [info] > git ls-tree -l HEAD -- pert1/pert1.md [30ms]
2025-04-23 15:53:53.968 [warning] [GitFileSystemProvider][stat] File not found - git:/root/struktur_data/struktur_data/pert1/pert1.md.git?%7B%22path%22%3A%22%2Froot%2Fstruktur_data%2Fstruktur_data%2Fpert1%2Fpert1.md%22%2C%22ref%22%3A%22HEAD%22%7D
2025-04-23 15:53:54.654 [info] > git config --get commit.template [3ms]
2025-04-23 15:53:54.662 [info] > git for-each-ref --format=%(refname)%00%(upstream:short)%00%(objectname)%00%(upstream:track)%00%(upstream:remotename)%00%(upstream:remoteref) refs/heads/main refs/remotes/main [3ms]
2025-04-23 15:53:54.672 [info] > git status -z -uall [5ms]
2025-04-23 15:53:54.673 [info] > git for-each-ref --sort -committerdate --format %(refname)%00%(objectname)%00%(*objectname) [2ms]
2025-04-23 15:53:54.745 [info] > git ls-files --stage -- pert1/pert1.md [2ms]
2025-04-23 15:53:54.749 [info] > git cat-file -s 636159eb9cf3db4f55cb8088acd8b6f350a1a865 [2ms]
2025-04-23 15:53:54.759 [info] > git show --textconv :pert1/pert1.md [2ms]
2025-04-23 15:53:58.065 [info] > git -c user.useConfigOnly=true commit --quiet [23ms]
2025-04-23 15:53:58.066 [info] Author identity unknown

*** Please tell me who you are.

Run

  git config --global user.email "you@example.com"
  git config --global user.name "Your Name"

to set your account's default identity.
Omit --global to set the identity only in this repository.

fatal: no email was given and auto-detection is disabled
2025-04-23 15:53:58.072 [info] > git config --get-all user.name [1ms]
2025-04-23 15:53:58.082 [info] > git config --get commit.template [5ms]
2025-04-23 15:53:58.082 [info] > git for-each-ref --format=%(refname)%00%(upstream:short)%00%(objectname)%00%(upstream:track)%00%(upstream:remotename)%00%(upstream:remoteref) refs/heads/main refs/remotes/main [2ms]
2025-04-23 15:53:58.104 [info] > git status -z -uall [18ms]
2025-04-23 15:53:58.104 [info] > git for-each-ref --sort -committerdate --format %(refname)%00%(objectname)%00%(*objectname) [4ms]
2025-04-23 15:53:59.609 [info] > git config --get commit.template [3ms]
2025-04-23 15:53:59.615 [info] > git for-each-ref --format=%(refname)%00%(upstream:short)%00%(objectname)%00%(upstream:track)%00%(upstream:remotename)%00%(upstream:remoteref) refs/heads/main refs/remotes/main [2ms]
2025-04-23 15:53:59.627 [info] > git status -z -uall [9ms]
2025-04-23 15:53:59.627 [info] > git for-each-ref --sort -committerdate --format %(refname)%00%(objectname)%00%(*objectname) [5ms]
2025-04-23 15:53:59.694 [info] > git ls-files --stage -- pert1/pert1.md [2ms]
2025-04-23 15:53:59.698 [info] > git cat-file -s 636159eb9cf3db4f55cb8088acd8b6f350a1a865 [1ms]
2025-04-23 15:53:59.713 [info] > git show --textconv :pert1/pert1.md [2ms]
2025-04-23 15:54:06.334 [info] > git -c user.useConfigOnly=true commit --quiet --allow-empty-message --file - [3ms]
2025-04-23 15:54:06.335 [info] Author identity unknown

*** Please tell me who you are.

Run

  git config --global user.email "you@example.com"
  git config --global user.name "Your Name"

to set your account's default identity.
Omit --global to set the identity only in this repository.

fatal: no email was given and auto-detection is disabled
2025-04-23 15:54:06.340 [info] > git config --get-all user.name [2ms]
2025-04-23 15:54:06.350 [info] > git config --get commit.template [5ms]
2025-04-23 15:54:06.351 [info] > git for-each-ref --format=%(refname)%00%(upstream:short)%00%(objectname)%00%(upstream:track)%00%(upstream:remotename)%00%(upstream:remoteref) refs/heads/main refs/remotes/main [2ms]
2025-04-23 15:54:06.361 [info] > git status -z -uall [5ms]
2025-04-23 15:54:06.362 [info] > git for-each-ref --sort -committerdate --format %(refname)%00%(objectname)%00%(*objectname) [2ms]
2025-04-23 15:54:16.911 [info] > git -c user.useConfigOnly=true commit --quiet --allow-empty-message --file - [4ms]
2025-04-23 15:54:16.911 [info] Author identity unknown

*** Please tell me who you are.

Run

  git config --global user.email "you@example.com"
  git config --global user.name "Your Name"

to set your account's default identity.
Omit --global to set the identity only in this repository.

fatal: no email was given and auto-detection is disabled
2025-04-23 15:54:16.916 [info] > git config --get-all user.name [2ms]
2025-04-23 15:54:16.928 [info] > git config --get commit.template [5ms]
2025-04-23 15:54:16.929 [info] > git for-each-ref --format=%(refname)%00%(upstream:short)%00%(objectname)%00%(upstream:track)%00%(upstream:remotename)%00%(upstream:remoteref) refs/heads/main refs/remotes/main [1ms]
2025-04-23 15:54:16.938 [info] > git status -z -uall [7ms]
2025-04-23 15:54:16.939 [info] > git for-each-ref --sort -committerdate --format %(refname)%00%(objectname)%00%(*objectname) [2ms]
2025-04-23 15:54:36.927 [info] > git -c user.useConfigOnly=true commit --quiet --allow-empty-message --file - [2ms]
2025-04-23 15:54:36.927 [info] Author identity unknown

*** Please tell me who you are.

Run

  git config --global user.email "you@example.com"
  git config --global user.name "Your Name"

to set your account's default identity.
Omit --global to set the identity only in this repository.

fatal: no email was given and auto-detection is disabled
2025-04-23 15:54:36.931 [info] > git config --get-all user.name [2ms]
2025-04-23 15:54:36.939 [info] > git config --get commit.template [4ms]
2025-04-23 15:54:36.940 [info] > git for-each-ref --format=%(refname)%00%(upstream:short)%00%(objectname)%00%(upstream:track)%00%(upstream:remotename)%00%(upstream:remoteref) refs/heads/main refs/remotes/main [2ms]
2025-04-23 15:54:36.949 [info] > git status -z -uall [5ms]
2025-04-23 15:54:36.950 [info] > git for-each-ref --sort -committerdate --format %(refname)%00%(objectname)%00%(*objectname) [2ms]
2025-04-23 15:59:53.297 [info] > git config --get commit.template [4ms]
2025-04-23 15:59:53.300 [info] > git for-each-ref --format=%(refname)%00%(upstream:short)%00%(objectname)%00%(upstream:track)%00%(upstream:remotename)%00%(upstream:remoteref) refs/heads/main refs/remotes/main [4ms]
2025-04-23 15:59:53.310 [info] > git status -z -uall [7ms]
2025-04-23 15:59:53.310 [info] > git for-each-ref --sort -committerdate --format %(refname)%00%(objectname)%00%(*objectname) [5ms]
2025-04-23 15:59:53.400 [info] > git ls-files --stage -- pert1/pert1.md [2ms]
2025-04-23 15:59:53.404 [info] > git cat-file -s 636159eb9cf3db4f55cb8088acd8b6f350a1a865 [2ms]
2025-04-23 15:59:53.418 [info] > git show --textconv :pert1/pert1.md [6ms]
2025-04-23 16:00:13.605 [info] > git config --get commit.template [4ms]
2025-04-23 16:00:13.606 [info] > git for-each-ref --format=%(refname)%00%(upstream:short)%00%(objectname)%00%(upstream:track)%00%(upstream:remotename)%00%(upstream:remoteref) refs/heads/main refs/remotes/main [2ms]
2025-04-23 16:00:13.612 [info] > git status -z -uall [3ms]
2025-04-23 16:00:13.615 [info] > git for-each-ref --sort -committerdate --format %(refname)%00%(objectname)%00%(*objectname) [4ms]
2025-04-23 16:00:13.670 [info] > git log --format=%H%n%aN%n%aE%n%at%n%ct%n%P%n%D%n%B -z --shortstat --diff-merges=first-parent -n50 --skip=0 --topo-order --decorate=full --stdin [5ms]
2025-04-23 16:00:13.718 [info] > git ls-files --stage -- pert1/pert1.md [2ms]
2025-04-23 16:00:13.722 [info] > git cat-file -s 636159eb9cf3db4f55cb8088acd8b6f350a1a865 [2ms]
2025-04-23 16:00:13.777 [info] > git show --textconv :pert1/pert1.md [2ms]
2025-04-23 16:01:06.683 [info] > git config --get commit.template [8ms]
2025-04-23 16:01:06.684 [info] > git for-each-ref --format=%(refname)%00%(upstream:short)%00%(objectname)%00%(upstream:track)%00%(upstream:remotename)%00%(upstream:remoteref) refs/heads/main refs/remotes/main [4ms]
2025-04-23 16:01:06.698 [info] > git for-each-ref --sort -committerdate --format %(refname)%00%(objectname)%00%(*objectname) [8ms]
2025-04-23 16:01:06.703 [info] > git status -z -uall [17ms]
2025-04-23 16:01:06.727 [info] > git log --format=%H%n%aN%n%aE%n%at%n%ct%n%P%n%D%n%B -z --shortstat --diff-merges=first-parent -n50 --skip=0 --topo-order --decorate=full --stdin [15ms]
2025-04-23 16:01:06.779 [info] > git ls-files --stage -- pert1/pert1.md [1ms]
2025-04-23 16:01:06.786 [info] > git cat-file -s 636159eb9cf3db4f55cb8088acd8b6f350a1a865 [4ms]
2025-04-23 16:01:06.795 [info] > git show --textconv :pert1/pert1.md [2ms]
2025-04-23 16:04:33.498 [info] > git config --get commit.template [5ms]
2025-04-23 16:04:33.499 [info] > git for-each-ref --format=%(refname)%00%(upstream:short)%00%(objectname)%00%(upstream:track)%00%(upstream:remotename)%00%(upstream:remoteref) refs/heads/main refs/remotes/main [2ms]
2025-04-23 16:04:33.506 [info] > git status -z -uall [4ms]
2025-04-23 16:04:33.507 [info] > git for-each-ref --sort -committerdate --format %(refname)%00%(objectname)%00%(*objectname) [1ms]
2025-04-23 16:04:33.602 [info] > git ls-files --stage -- pert1/pert1.md [2ms]
2025-04-23 16:04:33.606 [info] > git cat-file -s 636159eb9cf3db4f55cb8088acd8b6f350a1a865 [1ms]
2025-04-23 16:04:33.615 [info] > git show --textconv :pert1/pert1.md [2ms]
2025-04-23 16:05:06.054 [info] > git config --get commit.template [4ms]
2025-04-23 16:05:06.055 [info] > git for-each-ref --format=%(refname)%00%(upstream:short)%00%(objectname)%00%(upstream:track)%00%(upstream:remotename)%00%(upstream:remoteref) refs/heads/main refs/remotes/main [2ms]
2025-04-23 16:05:06.063 [info] > git status -z -uall [4ms]
2025-04-23 16:05:06.065 [info] > git for-each-ref --sort -committerdate --format %(refname)%00%(objectname)%00%(*objectname) [3ms]
2025-04-23 16:05:06.155 [info] > git ls-files --stage -- pert1/pert1.md [1ms]
2025-04-23 16:05:06.159 [info] > git cat-file -s 636159eb9cf3db4f55cb8088acd8b6f350a1a865 [1ms]
2025-04-23 16:05:06.169 [info] > git show --textconv :pert1/pert1.md [2ms]
2025-04-23 16:05:15.160 [info] > git config --get commit.template [4ms]
2025-04-23 16:05:15.161 [info] > git for-each-ref --format=%(refname)%00%(upstream:short)%00%(objectname)%00%(upstream:track)%00%(upstream:remotename)%00%(upstream:remoteref) refs/heads/main refs/remotes/main [2ms]
2025-04-23 16:05:15.168 [info] > git status -z -uall [4ms]
2025-04-23 16:05:15.171 [info] > git for-each-ref --sort -committerdate --format %(refname)%00%(objectname)%00%(*objectname) [4ms]
2025-04-23 16:05:15.255 [info] > git ls-files --stage -- pert1/pert1.md [1ms]
2025-04-23 16:05:15.259 [info] > git cat-file -s 636159eb9cf3db4f55cb8088acd8b6f350a1a865 [1ms]
2025-04-23 16:05:15.269 [info] > git show --textconv :pert1/pert1.md [2ms]
2025-04-23 16:05:44.266 [info] > git config --get commit.template [4ms]
2025-04-23 16:05:44.269 [info] > git for-each-ref --format=%(refname)%00%(upstream:short)%00%(objectname)%00%(upstream:track)%00%(upstream:remotename)%00%(upstream:remoteref) refs/heads/main refs/remotes/main [3ms]
2025-04-23 16:05:44.277 [info] > git status -z -uall [4ms]
2025-04-23 16:05:44.279 [info] > git for-each-ref --sort -committerdate --format %(refname)%00%(objectname)%00%(*objectname) [3ms]
2025-04-23 16:05:44.369 [info] > git ls-files --stage -- pert1/pert1.md [3ms]
2025-04-23 16:05:44.373 [info] > git cat-file -s 636159eb9cf3db4f55cb8088acd8b6f350a1a865 [2ms]
2025-04-23 16:05:44.384 [info] > git show --textconv :pert1/pert1.md [4ms]
2025-04-23 16:05:55.341 [info] > git config --get commit.template [4ms]
2025-04-23 16:05:55.343 [info] > git for-each-ref --format=%(refname)%00%(upstream:short)%00%(objectname)%00%(upstream:track)%00%(upstream:remotename)%00%(upstream:remoteref) refs/heads/main refs/remotes/main [2ms]
2025-04-23 16:05:55.353 [info] > git status -z -uall [6ms]
2025-04-23 16:05:55.355 [info] > git for-each-ref --sort -committerdate --format %(refname)%00%(objectname)%00%(*objectname) [5ms]
2025-04-23 16:05:55.443 [info] > git ls-files --stage -- pert1/pert1.md [1ms]
2025-04-23 16:05:55.447 [info] > git cat-file -s 636159eb9cf3db4f55cb8088acd8b6f350a1a865 [1ms]
2025-04-23 16:05:55.457 [info] > git show --textconv :pert1/pert1.md [2ms]
2025-04-23 16:06:00.862 [info] > git config --get commit.template [7ms]
2025-04-23 16:06:00.864 [info] > git for-each-ref --format=%(refname)%00%(upstream:short)%00%(objectname)%00%(upstream:track)%00%(upstream:remotename)%00%(upstream:remoteref) refs/heads/main refs/remotes/main [3ms]
2025-04-23 16:06:00.874 [info] > git status -z -uall [5ms]
2025-04-23 16:06:00.875 [info] > git for-each-ref --sort -committerdate --format %(refname)%00%(objectname)%00%(*objectname) [2ms]
2025-04-23 16:06:00.960 [info] > git ls-files --stage -- pert1/pert1.md [2ms]
2025-04-23 16:06:00.964 [info] > git cat-file -s 636159eb9cf3db4f55cb8088acd8b6f350a1a865 [1ms]
2025-04-23 16:06:00.974 [info] > git show --textconv :pert1/pert1.md [2ms]
2025-04-23 16:06:41.042 [info] > git config --get commit.template [5ms]
2025-04-23 16:06:41.045 [info] > git for-each-ref --format=%(refname)%00%(upstream:short)%00%(objectname)%00%(upstream:track)%00%(upstream:remotename)%00%(upstream:remoteref) refs/heads/main refs/remotes/main [4ms]
2025-04-23 16:06:41.052 [info] > git status -z -uall [5ms]
2025-04-23 16:06:41.054 [info] > git for-each-ref --sort -committerdate --format %(refname)%00%(objectname)%00%(*objectname) [3ms]
2025-04-23 16:06:41.143 [info] > git ls-files --stage -- pert1/pert1.md [2ms]
2025-04-23 16:06:41.148 [info] > git cat-file -s 636159eb9cf3db4f55cb8088acd8b6f350a1a865 [2ms]
2025-04-23 16:06:41.159 [info] > git show --textconv :pert1/pert1.md [3ms]
2025-04-23 16:06:46.131 [info] > git config --get commit.template [5ms]
2025-04-23 16:06:46.132 [info] > git for-each-ref --format=%(refname)%00%(upstream:short)%00%(objectname)%00%(upstream:track)%00%(upstream:remotename)%00%(upstream:remoteref) refs/heads/main refs/remotes/main [1ms]
2025-04-23 16:06:46.138 [info] > git status -z -uall [4ms]
2025-04-23 16:06:46.140 [info] > git for-each-ref --sort -committerdate --format %(refname)%00%(objectname)%00%(*objectname) [2ms]
2025-04-23 16:06:46.195 [info] > git log --format=%H%n%aN%n%aE%n%at%n%ct%n%P%n%D%n%B -z --shortstat --diff-merges=first-parent -n50 --skip=0 --topo-order --decorate=full --stdin [10ms]
2025-04-23 16:06:46.230 [info] > git ls-files --stage -- pert1/pert1.md [2ms]
2025-04-23 16:06:46.234 [info] > git cat-file -s 636159eb9cf3db4f55cb8088acd8b6f350a1a865 [2ms]
2025-04-23 16:06:46.243 [info] > git show --textconv :pert1/pert1.md [2ms]
2025-04-23 16:08:30.526 [info] > git config --get commit.template [3ms]
2025-04-23 16:08:30.530 [info] > git for-each-ref --format=%(refname)%00%(upstream:short)%00%(objectname)%00%(upstream:track)%00%(upstream:remotename)%00%(upstream:remoteref) refs/heads/main refs/remotes/main [4ms]
2025-04-23 16:08:30.539 [info] > git status -z -uall [7ms]
2025-04-23 16:08:30.542 [info] > git for-each-ref --sort -committerdate --format %(refname)%00%(objectname)%00%(*objectname) [6ms]
2025-04-23 16:08:30.628 [info] > git ls-files --stage -- pert1/pert1.md [1ms]
2025-04-23 16:08:30.633 [info] > git cat-file -s 636159eb9cf3db4f55cb8088acd8b6f350a1a865 [2ms]
2025-04-23 16:08:30.644 [info] > git show --textconv :pert1/pert1.md [3ms]
2025-04-23 16:09:08.843 [info] > git config --get commit.template [4ms]
2025-04-23 16:09:08.844 [info] > git for-each-ref --format=%(refname)%00%(upstream:short)%00%(objectname)%00%(upstream:track)%00%(upstream:remotename)%00%(upstream:remoteref) refs/heads/main refs/remotes/main [2ms]
2025-04-23 16:09:08.853 [info] > git status -z -uall [6ms]
2025-04-23 16:09:08.854 [info] > git for-each-ref --sort -committerdate --format %(refname)%00%(objectname)%00%(*objectname) [3ms]
2025-04-23 16:09:08.944 [info] > git ls-files --stage -- pert1/pert1.md [1ms]
2025-04-23 16:09:08.949 [info] > git cat-file -s 636159eb9cf3db4f55cb8088acd8b6f350a1a865 [2ms]
2025-04-23 16:09:08.958 [info] > git show --textconv :pert1/pert1.md [2ms]
2025-04-23 16:09:24.315 [info] > git config --get commit.template [4ms]
2025-04-23 16:09:24.316 [info] > git for-each-ref --format=%(refname)%00%(upstream:short)%00%(objectname)%00%(upstream:track)%00%(upstream:remotename)%00%(upstream:remoteref) refs/heads/main refs/remotes/main [2ms]
2025-04-23 16:09:24.324 [info] > git status -z -uall [4ms]
2025-04-23 16:09:24.327 [info] > git for-each-ref --sort -committerdate --format %(refname)%00%(objectname)%00%(*objectname) [4ms]
2025-04-23 16:09:24.421 [info] > git ls-files --stage -- pert1/pert1.md [2ms]
2025-04-23 16:09:24.427 [info] > git cat-file -s 636159eb9cf3db4f55cb8088acd8b6f350a1a865 [2ms]
2025-04-23 16:09:24.443 [info] > git show --textconv :pert1/pert1.md [4ms]
2025-04-23 16:10:43.895 [info] > git config --get commit.template [4ms]
2025-04-23 16:10:43.895 [info] > git for-each-ref --format=%(refname)%00%(upstream:short)%00%(objectname)%00%(upstream:track)%00%(upstream:remotename)%00%(upstream:remoteref) refs/heads/main refs/remotes/main [1ms]
2025-04-23 16:10:43.902 [info] > git status -z -uall [4ms]
2025-04-23 16:10:43.904 [info] > git for-each-ref --sort -committerdate --format %(refname)%00%(objectname)%00%(*objectname) [3ms]
2025-04-23 16:10:43.996 [info] > git ls-files --stage -- pert1/pert1.md [2ms]
2025-04-23 16:10:44.000 [info] > git cat-file -s 636159eb9cf3db4f55cb8088acd8b6f350a1a865 [1ms]
2025-04-23 16:10:44.010 [info] > git show --textconv :pert1/pert1.md [2ms]
2025-04-23 16:10:47.421 [info] > git ls-files --stage -- pert1/pert1.md [2ms]
2025-04-23 16:10:47.425 [info] > git cat-file -s 636159eb9cf3db4f55cb8088acd8b6f350a1a865 [2ms]
2025-04-23 16:10:47.435 [info] > git show --textconv :pert1/pert1.md [2ms]
2025-04-23 16:10:48.920 [info] > git config --get commit.template [5ms]
2025-04-23 16:10:48.921 [info] > git for-each-ref --format=%(refname)%00%(upstream:short)%00%(objectname)%00%(upstream:track)%00%(upstream:remotename)%00%(upstream:remoteref) refs/heads/main refs/remotes/main [2ms]
2025-04-23 16:10:48.928 [info] > git status -z -uall [4ms]
2025-04-23 16:10:48.931 [info] > git for-each-ref --sort -committerdate --format %(refname)%00%(objectname)%00%(*objectname) [4ms]
2025-04-23 16:11:30.088 [info] > git config --get commit.template [5ms]
2025-04-23 16:11:30.089 [info] > git for-each-ref --format=%(refname)%00%(upstream:short)%00%(objectname)%00%(upstream:track)%00%(upstream:remotename)%00%(upstream:remoteref) refs/heads/main refs/remotes/main [1ms]
2025-04-23 16:11:30.096 [info] > git status -z -uall [4ms]
2025-04-23 16:11:30.098 [info] > git for-each-ref --sort -committerdate --format %(refname)%00%(objectname)%00%(*objectname) [2ms]
2025-04-23 16:11:30.188 [info] > git ls-files --stage -- pert1/pert1.md [2ms]
2025-04-23 16:11:30.192 [info] > git cat-file -s 636159eb9cf3db4f55cb8088acd8b6f350a1a865 [2ms]
2025-04-23 16:11:30.203 [info] > git show --textconv :pert1/pert1.md [3ms]
2025-04-23 16:11:35.065 [info] > git ls-files --stage -- pert1/pert1.md [2ms]
2025-04-23 16:11:35.068 [info] > git cat-file -s 636159eb9cf3db4f55cb8088acd8b6f350a1a865 [1ms]
2025-04-23 16:11:35.078 [info] > git show --textconv :pert1/pert1.md [2ms]
2025-04-23 16:11:35.108 [info] > git config --get commit.template [4ms]
2025-04-23 16:11:35.109 [info] > git for-each-ref --format=%(refname)%00%(upstream:short)%00%(objectname)%00%(upstream:track)%00%(upstream:remotename)%00%(upstream:remoteref) refs/heads/main refs/remotes/main [2ms]
2025-04-23 16:11:35.115 [info] > git status -z -uall [3ms]
2025-04-23 16:11:35.117 [info] > git for-each-ref --sort -committerdate --format %(refname)%00%(objectname)%00%(*objectname) [3ms]
2025-04-23 16:12:26.784 [info] > git check-ignore -v -z --stdin [26ms]
2025-04-23 16:12:27.315 [info] > git config --get commit.template [4ms]
2025-04-23 16:12:27.321 [info] > git for-each-ref --format=%(refname)%00%(upstream:short)%00%(objectname)%00%(upstream:track)%00%(upstream:remotename)%00%(upstream:remoteref) refs/heads/main refs/remotes/main [5ms]
2025-04-23 16:12:27.329 [info] > git for-each-ref --sort -committerdate --format %(refname)%00%(objectname)%00%(*objectname) [3ms]
2025-04-23 16:12:27.333 [info] > git status -z -uall [10ms]
2025-04-23 16:12:49.227 [info] > git ls-files --stage -- pert2/pert2.md [76ms]
2025-04-23 16:12:49.261 [info] > git cat-file -s b4a9472030ed1a2d49490204db4b2601414e0ec9 [31ms]
2025-04-23 16:12:49.263 [info] > git show --textconv :pert2/pert2.md [116ms]
2025-04-23 16:12:49.330 [info] > git blame --root --incremental a843525ca161eb58d3237050fd8ecde0844edb58 -- pert2/pert2.md [7ms]
2025-04-23 16:12:49.608 [info] > git show --textconv :pert1/pert1.md [4ms]
2025-04-23 16:12:49.610 [info] > git ls-files --stage -- pert1/pert1.md [1ms]
2025-04-23 16:12:49.615 [info] > git cat-file -s 636159eb9cf3db4f55cb8088acd8b6f350a1a865 [1ms]
2025-04-23 16:12:50.321 [info] > git show --textconv :pert2/pert2.md [5ms]
2025-04-23 16:12:50.322 [info] > git ls-files --stage -- pert2/pert2.md [2ms]
2025-04-23 16:12:50.327 [info] > git cat-file -s b4a9472030ed1a2d49490204db4b2601414e0ec9 [2ms]
2025-04-23 16:13:14.318 [info] > git show --textconv :pert3/pert3/pert3.md [5ms]
2025-04-23 16:13:14.319 [warning] [GitFileSystemProvider][readFile] File not found - git:/root/struktur_data/struktur_data/pert3/pert3/pert3.md.git?%7B%22path%22%3A%22%2Froot%2Fstruktur_data%2Fstruktur_data%2Fpert3%2Fpert3%2Fpert3.md%22%2C%22ref%22%3A%22%22%7D
2025-04-23 16:13:14.320 [info] > git ls-files --stage -- pert3/pert3/pert3.md [3ms]
2025-04-23 16:13:14.320 [warning] [GitFileSystemProvider][stat] File not found - git:/root/struktur_data/struktur_data/pert3/pert3/pert3.md.git?%7B%22path%22%3A%22%2Froot%2Fstruktur_data%2Fstruktur_data%2Fpert3%2Fpert3%2Fpert3.md%22%2C%22ref%22%3A%22%22%7D
2025-04-23 16:13:14.564 [info] > git check-ignore -v -z --stdin [2ms]
2025-04-23 16:13:15.168 [info] > git config --get commit.template [2ms]
2025-04-23 16:13:15.173 [info] > git for-each-ref --format=%(refname)%00%(upstream:short)%00%(objectname)%00%(upstream:track)%00%(upstream:remotename)%00%(upstream:remoteref) refs/heads/main refs/remotes/main [2ms]
2025-04-23 16:13:15.181 [info] > git status -z -uall [5ms]
2025-04-23 16:13:15.183 [info] > git for-each-ref --sort -committerdate --format %(refname)%00%(objectname)%00%(*objectname) [3ms]
2025-04-23 16:13:51.154 [info] > git show --textconv :pert2/pert2.md [3ms]
2025-04-23 16:13:51.156 [info] > git ls-files --stage -- pert2/pert2.md [2ms]
2025-04-23 16:13:51.160 [info] > git cat-file -s b4a9472030ed1a2d49490204db4b2601414e0ec9 [2ms]
2025-04-23 16:13:52.073 [info] > git config --get commit.template [5ms]
2025-04-23 16:13:52.074 [info] > git for-each-ref --format=%(refname)%00%(upstream:short)%00%(objectname)%00%(upstream:track)%00%(upstream:remotename)%00%(upstream:remoteref) refs/heads/main refs/remotes/main [2ms]
2025-04-23 16:13:52.080 [info] > git status -z -uall [4ms]
2025-04-23 16:13:52.081 [info] > git for-each-ref --sort -committerdate --format %(refname)%00%(objectname)%00%(*objectname) [2ms]
2025-04-23 16:14:00.072 [info] > git show --textconv :pert3/pert3/int [4ms]
2025-04-23 16:14:00.073 [warning] [GitFileSystemProvider][readFile] File not found - git:/root/struktur_data/struktur_data/pert3/pert3/int.git?%7B%22path%22%3A%22%2Froot%2Fstruktur_data%2Fstruktur_data%2Fpert3%2Fpert3%2Fint%22%2C%22ref%22%3A%22%22%7D
2025-04-23 16:14:00.073 [info] > git ls-files --stage -- pert3/pert3/int [2ms]
2025-04-23 16:14:00.074 [warning] [GitFileSystemProvider][stat] File not found - git:/root/struktur_data/struktur_data/pert3/pert3/int.git?%7B%22path%22%3A%22%2Froot%2Fstruktur_data%2Fstruktur_data%2Fpert3%2Fpert3%2Fint%22%2C%22ref%22%3A%22%22%7D
2025-04-23 16:14:00.329 [info] > git check-ignore -v -z --stdin [1ms]
2025-04-23 16:14:00.977 [info] > git config --get commit.template [2ms]
2025-04-23 16:14:00.982 [info] > git for-each-ref --format=%(refname)%00%(upstream:short)%00%(objectname)%00%(upstream:track)%00%(upstream:remotename)%00%(upstream:remoteref) refs/heads/main refs/remotes/main [2ms]
2025-04-23 16:14:00.989 [info] > git status -z -uall [4ms]
2025-04-23 16:14:00.991 [info] > git for-each-ref --sort -committerdate --format %(refname)%00%(objectname)%00%(*objectname) [3ms]
2025-04-23 16:14:08.257 [info] > git show --textconv :pert3/pert3/int cpp [5ms]
2025-04-23 16:14:08.258 [warning] [GitFileSystemProvider][readFile] File not found - git:/root/struktur_data/struktur_data/pert3/pert3/int%20cpp.git?%7B%22path%22%3A%22%2Froot%2Fstruktur_data%2Fstruktur_data%2Fpert3%2Fpert3%2Fint%20cpp%22%2C%22ref%22%3A%22%22%7D
2025-04-23 16:14:08.258 [info] > git ls-files --stage -- pert3/pert3/int cpp [2ms]
2025-04-23 16:14:08.259 [warning] [GitFileSystemProvider][stat] File not found - git:/root/struktur_data/struktur_data/pert3/pert3/int%20cpp.git?%7B%22path%22%3A%22%2Froot%2Fstruktur_data%2Fstruktur_data%2Fpert3%2Fpert3%2Fint%20cpp%22%2C%22ref%22%3A%22%22%7D
2025-04-23 16:14:08.515 [info] > git check-ignore -v -z --stdin [2ms]
2025-04-23 16:14:09.093 [info] > git config --get commit.template [4ms]
2025-04-23 16:14:09.094 [info] > git for-each-ref --format=%(refname)%00%(upstream:short)%00%(objectname)%00%(upstream:track)%00%(upstream:remotename)%00%(upstream:remoteref) refs/heads/main refs/remotes/main [1ms]
2025-04-23 16:14:09.101 [info] > git status -z -uall [5ms]
2025-04-23 16:14:09.102 [info] > git for-each-ref --sort -committerdate --format %(refname)%00%(objectname)%00%(*objectname) [3ms]
2025-04-23 16:14:29.897 [info] > git config --get commit.template [4ms]
2025-04-23 16:14:29.898 [info] > git for-each-ref --format=%(refname)%00%(upstream:short)%00%(objectname)%00%(upstream:track)%00%(upstream:remotename)%00%(upstream:remoteref) refs/heads/main refs/remotes/main [2ms]
2025-04-23 16:14:29.904 [info] > git status -z -uall [4ms]
2025-04-23 16:14:29.905 [info] > git for-each-ref --sort -committerdate --format %(refname)%00%(objectname)%00%(*objectname) [3ms]
2025-04-23 16:14:53.955 [info] > git show --textconv :pert3/pert3/int.cpp [5ms]
2025-04-23 16:14:53.955 [warning] [GitFileSystemProvider][readFile] File not found - git:/root/struktur_data/struktur_data/pert3/pert3/int.cpp.git?%7B%22path%22%3A%22%2Froot%2Fstruktur_data%2Fstruktur_data%2Fpert3%2Fpert3%2Fint.cpp%22%2C%22ref%22%3A%22%22%7D
2025-04-23 16:14:53.956 [info] > git ls-files --stage -- pert3/pert3/int.cpp [2ms]
2025-04-23 16:14:53.957 [warning] [GitFileSystemProvider][stat] File not found - git:/root/struktur_data/struktur_data/pert3/pert3/int.cpp.git?%7B%22path%22%3A%22%2Froot%2Fstruktur_data%2Fstruktur_data%2Fpert3%2Fpert3%2Fint.cpp%22%2C%22ref%22%3A%22%22%7D
2025-04-23 16:14:54.197 [info] > git check-ignore -v -z --stdin [2ms]
2025-04-23 16:14:54.810 [info] > git config --get commit.template [4ms]
2025-04-23 16:14:54.812 [info] > git for-each-ref --format=%(refname)%00%(upstream:short)%00%(objectname)%00%(upstream:track)%00%(upstream:remotename)%00%(upstream:remoteref) refs/heads/main refs/remotes/main [1ms]
2025-04-23 16:14:54.824 [info] > git status -z -uall [9ms]
2025-04-23 16:14:54.824 [info] > git for-each-ref --sort -committerdate --format %(refname)%00%(objectname)%00%(*objectname) [2ms]
2025-04-23 16:15:11.982 [info] > git show --textconv :pert3/pert3/varchar [4ms]
2025-04-23 16:15:11.983 [warning] [GitFileSystemProvider][readFile] File not found - git:/root/struktur_data/struktur_data/pert3/pert3/varchar.git?%7B%22path%22%3A%22%2Froot%2Fstruktur_data%2Fstruktur_data%2Fpert3%2Fpert3%2Fvarchar%22%2C%22ref%22%3A%22%22%7D
2025-04-23 16:15:11.983 [info] > git ls-files --stage -- pert3/pert3/varchar [2ms]
2025-04-23 16:15:11.984 [warning] [GitFileSystemProvider][stat] File not found - git:/root/struktur_data/struktur_data/pert3/pert3/varchar.git?%7B%22path%22%3A%22%2Froot%2Fstruktur_data%2Fstruktur_data%2Fpert3%2Fpert3%2Fvarchar%22%2C%22ref%22%3A%22%22%7D
2025-04-23 16:15:12.231 [info] > git check-ignore -v -z --stdin [2ms]
2025-04-23 16:15:12.873 [info] > git config --get commit.template [4ms]
2025-04-23 16:15:12.874 [info] > git for-each-ref --format=%(refname)%00%(upstream:short)%00%(objectname)%00%(upstream:track)%00%(upstream:remotename)%00%(upstream:remoteref) refs/heads/main refs/remotes/main [2ms]
2025-04-23 16:15:12.884 [info] > git status -z -uall [6ms]
2025-04-23 16:15:12.888 [info] > git for-each-ref --sort -committerdate --format %(refname)%00%(objectname)%00%(*objectname) [6ms]
2025-04-23 16:15:24.427 [info] > git show --textconv :pert3/pert3/varchar.cpp [4ms]
2025-04-23 16:15:24.427 [warning] [GitFileSystemProvider][readFile] File not found - git:/root/struktur_data/struktur_data/pert3/pert3/varchar.cpp.git?%7B%22path%22%3A%22%2Froot%2Fstruktur_data%2Fstruktur_data%2Fpert3%2Fpert3%2Fvarchar.cpp%22%2C%22ref%22%3A%22%22%7D
2025-04-23 16:15:24.428 [info] > git ls-files --stage -- pert3/pert3/varchar.cpp [2ms]
2025-04-23 16:15:24.429 [warning] [GitFileSystemProvider][stat] File not found - git:/root/struktur_data/struktur_data/pert3/pert3/varchar.cpp.git?%7B%22path%22%3A%22%2Froot%2Fstruktur_data%2Fstruktur_data%2Fpert3%2Fpert3%2Fvarchar.cpp%22%2C%22ref%22%3A%22%22%7D
2025-04-23 16:15:24.684 [info] > git check-ignore -v -z --stdin [2ms]
2025-04-23 16:15:25.300 [info] > git config --get commit.template [4ms]
2025-04-23 16:15:25.302 [info] > git for-each-ref --format=%(refname)%00%(upstream:short)%00%(objectname)%00%(upstream:track)%00%(upstream:remotename)%00%(upstream:remoteref) refs/heads/main refs/remotes/main [2ms]
2025-04-23 16:15:25.309 [info] > git status -z -uall [4ms]
2025-04-23 16:15:25.311 [info] > git for-each-ref --sort -committerdate --format %(refname)%00%(objectname)%00%(*objectname) [3ms]
2025-04-23 16:16:13.931 [info] > git show --textconv :pert3/pert3/python [3ms]
2025-04-23 16:16:13.932 [warning] [GitFileSystemProvider][readFile] File not found - git:/root/struktur_data/struktur_data/pert3/pert3/python.git?%7B%22path%22%3A%22%2Froot%2Fstruktur_data%2Fstruktur_data%2Fpert3%2Fpert3%2Fpython%22%2C%22ref%22%3A%22%22%7D
2025-04-23 16:16:13.933 [info] > git ls-files --stage -- pert3/pert3/python [2ms]
2025-04-23 16:16:13.933 [warning] [GitFileSystemProvider][stat] File not found - git:/root/struktur_data/struktur_data/pert3/pert3/python.git?%7B%22path%22%3A%22%2Froot%2Fstruktur_data%2Fstruktur_data%2Fpert3%2Fpert3%2Fpython%22%2C%22ref%22%3A%22%22%7D
2025-04-23 16:16:14.185 [info] > git check-ignore -v -z --stdin [2ms]
2025-04-23 16:16:14.767 [info] > git config --get commit.template [5ms]
2025-04-23 16:16:14.769 [info] > git for-each-ref --format=%(refname)%00%(upstream:short)%00%(objectname)%00%(upstream:track)%00%(upstream:remotename)%00%(upstream:remoteref) refs/heads/main refs/remotes/main [3ms]
2025-04-23 16:16:14.778 [info] > git status -z -uall [4ms]
2025-04-23 16:16:14.781 [info] > git for-each-ref --sort -committerdate --format %(refname)%00%(objectname)%00%(*objectname) [4ms]
2025-04-23 16:16:27.385 [info] > git config --get commit.template [5ms]
2025-04-23 16:16:27.386 [info] > git for-each-ref --format=%(refname)%00%(upstream:short)%00%(objectname)%00%(upstream:track)%00%(upstream:remotename)%00%(upstream:remoteref) refs/heads/main refs/remotes/main [2ms]
2025-04-23 16:16:27.395 [info] > git status -z -uall [7ms]
2025-04-23 16:16:27.396 [info] > git for-each-ref --sort -committerdate --format %(refname)%00%(objectname)%00%(*objectname) [4ms]
2025-04-23 16:16:50.965 [info] > git config --get commit.template [5ms]
2025-04-23 16:16:50.966 [info] > git for-each-ref --format=%(refname)%00%(upstream:short)%00%(objectname)%00%(upstream:track)%00%(upstream:remotename)%00%(upstream:remoteref) refs/heads/main refs/remotes/main [2ms]
2025-04-23 16:16:50.975 [info] > git status -z -uall [5ms]
2025-04-23 16:16:50.976 [info] > git for-each-ref --sort -committerdate --format %(refname)%00%(objectname)%00%(*objectname) [3ms]
2025-04-23 16:16:57.120 [info] > git config --get commit.template [6ms]
2025-04-23 16:16:57.120 [info] > git for-each-ref --format=%(refname)%00%(upstream:short)%00%(objectname)%00%(upstream:track)%00%(upstream:remotename)%00%(upstream:remoteref) refs/heads/main refs/remotes/main [2ms]
2025-04-23 16:16:57.129 [info] > git status -z -uall [5ms]
2025-04-23 16:16:57.136 [info] > git for-each-ref --sort -committerdate --format %(refname)%00%(objectname)%00%(*objectname) [8ms]
2025-04-23 16:17:36.394 [info] > git config --get commit.template [4ms]
2025-04-23 16:17:36.395 [info] > git for-each-ref --format=%(refname)%00%(upstream:short)%00%(objectname)%00%(upstream:track)%00%(upstream:remotename)%00%(upstream:remoteref) refs/heads/main refs/remotes/main [2ms]
2025-04-23 16:17:36.402 [info] > git status -z -uall [4ms]
2025-04-23 16:17:36.404 [info] > git for-each-ref --sort -committerdate --format %(refname)%00%(objectname)%00%(*objectname) [2ms]
2025-04-23 16:17:38.719 [info] > git show --textconv :pert2/pert2.md [5ms]
2025-04-23 16:17:38.720 [info] > git ls-files --stage -- pert2/pert2.md [2ms]
2025-04-23 16:17:38.727 [info] > git cat-file -s b4a9472030ed1a2d49490204db4b2601414e0ec9 [4ms]
2025-04-23 16:17:41.435 [info] > git config --get commit.template [2ms]
2025-04-23 16:17:41.439 [info] > git for-each-ref --format=%(refname)%00%(upstream:short)%00%(objectname)%00%(upstream:track)%00%(upstream:remotename)%00%(upstream:remoteref) refs/heads/main refs/remotes/main [1ms]
2025-04-23 16:17:41.445 [info] > git status -z -uall [4ms]
2025-04-23 16:17:41.447 [info] > git for-each-ref --sort -committerdate --format %(refname)%00%(objectname)%00%(*objectname) [2ms]
2025-04-23 16:17:47.856 [info] > git check-ignore -v -z --stdin [1ms]
2025-04-23 16:17:48.428 [info] > git config --get commit.template [4ms]
2025-04-23 16:17:48.429 [info] > git for-each-ref --format=%(refname)%00%(upstream:short)%00%(objectname)%00%(upstream:track)%00%(upstream:remotename)%00%(upstream:remoteref) refs/heads/main refs/remotes/main [2ms]
2025-04-23 16:17:48.436 [info] > git status -z -uall [4ms]
2025-04-23 16:17:48.437 [info] > git for-each-ref --sort -committerdate --format %(refname)%00%(objectname)%00%(*objectname) [3ms]
2025-04-23 16:17:59.682 [info] > git show --textconv :pert3/int/int.cpp [5ms]
2025-04-23 16:17:59.683 [warning] [GitFileSystemProvider][readFile] File not found - git:/root/struktur_data/struktur_data/pert3/int/int.cpp.git?%7B%22path%22%3A%22%2Froot%2Fstruktur_data%2Fstruktur_data%2Fpert3%2Fint%2Fint.cpp%22%2C%22ref%22%3A%22%22%7D
2025-04-23 16:17:59.686 [info] > git ls-files --stage -- pert3/int/int.cpp [5ms]
2025-04-23 16:17:59.687 [warning] [GitFileSystemProvider][stat] File not found - git:/root/struktur_data/struktur_data/pert3/int/int.cpp.git?%7B%22path%22%3A%22%2Froot%2Fstruktur_data%2Fstruktur_data%2Fpert3%2Fint%2Fint.cpp%22%2C%22ref%22%3A%22%22%7D
2025-04-23 16:17:59.936 [info] > git check-ignore -v -z --stdin [2ms]
2025-04-23 16:18:00.539 [info] > git config --get commit.template [4ms]
2025-04-23 16:18:00.540 [info] > git for-each-ref --format=%(refname)%00%(upstream:short)%00%(objectname)%00%(upstream:track)%00%(upstream:remotename)%00%(upstream:remoteref) refs/heads/main refs/remotes/main [2ms]
2025-04-23 16:18:00.546 [info] > git status -z -uall [4ms]
2025-04-23 16:18:00.550 [info] > git for-each-ref --sort -committerdate --format %(refname)%00%(objectname)%00%(*objectname) [5ms]
2025-04-23 16:18:21.196 [info] > git config --get commit.template [5ms]
2025-04-23 16:18:21.197 [info] > git for-each-ref --format=%(refname)%00%(upstream:short)%00%(objectname)%00%(upstream:track)%00%(upstream:remotename)%00%(upstream:remoteref) refs/heads/main refs/remotes/main [2ms]
2025-04-23 16:18:21.203 [info] > git status -z -uall [4ms]
2025-04-23 16:18:21.205 [info] > git for-each-ref --sort -committerdate --format %(refname)%00%(objectname)%00%(*objectname) [3ms]
2025-04-23 16:18:29.658 [info] > git config --get commit.template [3ms]
2025-04-23 16:18:29.659 [info] > git for-each-ref --format=%(refname)%00%(upstream:short)%00%(objectname)%00%(upstream:track)%00%(upstream:remotename)%00%(upstream:remoteref) refs/heads/main refs/remotes/main [1ms]
2025-04-23 16:18:29.666 [info] > git status -z -uall [4ms]
2025-04-23 16:18:29.668 [info] > git for-each-ref --sort -committerdate --format %(refname)%00%(objectname)%00%(*objectname) [3ms]
2025-04-23 16:18:57.061 [info] > git check-ignore -v -z --stdin [2ms]
2025-04-23 16:18:57.622 [info] > git config --get commit.template [4ms]
2025-04-23 16:18:57.623 [info] > git for-each-ref --format=%(refname)%00%(upstream:short)%00%(objectname)%00%(upstream:track)%00%(upstream:remotename)%00%(upstream:remoteref) refs/heads/main refs/remotes/main [2ms]
2025-04-23 16:18:57.632 [info] > git status -z -uall [6ms]
2025-04-23 16:18:57.633 [info] > git for-each-ref --sort -committerdate --format %(refname)%00%(objectname)%00%(*objectname) [3ms]
2025-04-23 16:19:06.873 [info] > git show --textconv :pert3/varchar/varchar.cpp [4ms]
2025-04-23 16:19:06.874 [warning] [GitFileSystemProvider][readFile] File not found - git:/root/struktur_data/struktur_data/pert3/varchar/varchar.cpp.git?%7B%22path%22%3A%22%2Froot%2Fstruktur_data%2Fstruktur_data%2Fpert3%2Fvarchar%2Fvarchar.cpp%22%2C%22ref%22%3A%22%22%7D
2025-04-23 16:19:06.875 [info] > git ls-files --stage -- pert3/varchar/varchar.cpp [2ms]
2025-04-23 16:19:06.876 [warning] [GitFileSystemProvider][stat] File not found - git:/root/struktur_data/struktur_data/pert3/varchar/varchar.cpp.git?%7B%22path%22%3A%22%2Froot%2Fstruktur_data%2Fstruktur_data%2Fpert3%2Fvarchar%2Fvarchar.cpp%22%2C%22ref%22%3A%22%22%7D
2025-04-23 16:19:07.137 [info] > git check-ignore -v -z --stdin [2ms]
2025-04-23 16:19:07.758 [info] > git config --get commit.template [3ms]
2025-04-23 16:19:07.758 [info] > git for-each-ref --format=%(refname)%00%(upstream:short)%00%(objectname)%00%(upstream:track)%00%(upstream:remotename)%00%(upstream:remoteref) refs/heads/main refs/remotes/main [1ms]
2025-04-23 16:19:07.764 [info] > git status -z -uall [3ms]
2025-04-23 16:19:07.765 [info] > git for-each-ref --sort -committerdate --format %(refname)%00%(objectname)%00%(*objectname) [2ms]
2025-04-23 16:19:25.977 [info] > git check-ignore -v -z --stdin [2ms]
2025-04-23 16:19:26.571 [info] > git config --get commit.template [3ms]
2025-04-23 16:19:26.571 [info] > git for-each-ref --format=%(refname)%00%(upstream:short)%00%(objectname)%00%(upstream:track)%00%(upstream:remotename)%00%(upstream:remoteref) refs/heads/main refs/remotes/main [1ms]
2025-04-23 16:19:26.579 [info] > git status -z -uall [4ms]
2025-04-23 16:19:26.580 [info] > git for-each-ref --sort -committerdate --format %(refname)%00%(objectname)%00%(*objectname) [3ms]
2025-04-23 16:19:47.839 [info] > git show --textconv :pert3/varchar/python/tipedata.ipmyb [3ms]
2025-04-23 16:19:47.840 [warning] [GitFileSystemProvider][readFile] File not found - git:/root/struktur_data/struktur_data/pert3/varchar/python/tipedata.ipmyb.git?%7B%22path%22%3A%22%2Froot%2Fstruktur_data%2Fstruktur_data%2Fpert3%2Fvarchar%2Fpython%2Ftipedata.ipmyb%22%2C%22ref%22%3A%22%22%7D
2025-04-23 16:19:47.840 [info] > git ls-files --stage -- pert3/varchar/python/tipedata.ipmyb [2ms]
2025-04-23 16:19:47.841 [warning] [GitFileSystemProvider][stat] File not found - git:/root/struktur_data/struktur_data/pert3/varchar/python/tipedata.ipmyb.git?%7B%22path%22%3A%22%2Froot%2Fstruktur_data%2Fstruktur_data%2Fpert3%2Fvarchar%2Fpython%2Ftipedata.ipmyb%22%2C%22ref%22%3A%22%22%7D
2025-04-23 16:19:48.096 [info] > git check-ignore -v -z --stdin [1ms]
2025-04-23 16:19:48.679 [info] > git config --get commit.template [4ms]
2025-04-23 16:19:48.680 [info] > git for-each-ref --format=%(refname)%00%(upstream:short)%00%(objectname)%00%(upstream:track)%00%(upstream:remotename)%00%(upstream:remoteref) refs/heads/main refs/remotes/main [1ms]
2025-04-23 16:19:48.685 [info] > git status -z -uall [3ms]
2025-04-23 16:19:48.687 [info] > git for-each-ref --sort -committerdate --format %(refname)%00%(objectname)%00%(*objectname) [2ms]
2025-04-23 16:20:44.244 [info] > git show --textconv :pert3/int/basicdata [3ms]
2025-04-23 16:20:44.245 [warning] [GitFileSystemProvider][readFile] File not found - git:/root/struktur_data/struktur_data/pert3/int/basicdata.git?%7B%22path%22%3A%22%2Froot%2Fstruktur_data%2Fstruktur_data%2Fpert3%2Fint%2Fbasicdata%22%2C%22ref%22%3A%22%22%7D
2025-04-23 16:20:44.246 [info] > git ls-files --stage -- pert3/int/basicdata [2ms]
2025-04-23 16:20:44.246 [warning] [GitFileSystemProvider][stat] File not found - git:/root/struktur_data/struktur_data/pert3/int/basicdata.git?%7B%22path%22%3A%22%2Froot%2Fstruktur_data%2Fstruktur_data%2Fpert3%2Fint%2Fbasicdata%22%2C%22ref%22%3A%22%22%7D
2025-04-23 16:20:44.506 [info] > git check-ignore -v -z --stdin [1ms]
2025-04-23 16:20:45.047 [info] > git config --get commit.template [4ms]
2025-04-23 16:20:45.048 [info] > git for-each-ref --format=%(refname)%00%(upstream:short)%00%(objectname)%00%(upstream:track)%00%(upstream:remotename)%00%(upstream:remoteref) refs/heads/main refs/remotes/main [2ms]
2025-04-23 16:20:45.056 [info] > git status -z -uall [4ms]
2025-04-23 16:20:45.057 [info] > git for-each-ref --sort -committerdate --format %(refname)%00%(objectname)%00%(*objectname) [2ms]
2025-04-23 16:24:42.516 [info] > git show --textconv :pert3/cpp/basicdata [3ms]
2025-04-23 16:24:42.517 [warning] [GitFileSystemProvider][readFile] File not found - git:/root/struktur_data/struktur_data/pert3/cpp/basicdata.git?%7B%22path%22%3A%22%2Froot%2Fstruktur_data%2Fstruktur_data%2Fpert3%2Fcpp%2Fbasicdata%22%2C%22ref%22%3A%22%22%7D
2025-04-23 16:24:42.518 [info] > git ls-files --stage -- pert3/cpp/basicdata [2ms]
2025-04-23 16:24:42.518 [warning] [GitFileSystemProvider][stat] File not found - git:/root/struktur_data/struktur_data/pert3/cpp/basicdata.git?%7B%22path%22%3A%22%2Froot%2Fstruktur_data%2Fstruktur_data%2Fpert3%2Fcpp%2Fbasicdata%22%2C%22ref%22%3A%22%22%7D
2025-04-23 16:24:42.755 [info] > git check-ignore -v -z --stdin [2ms]
2025-04-23 16:24:43.264 [info] > git config --get commit.template [3ms]
2025-04-23 16:24:43.265 [info] > git for-each-ref --format=%(refname)%00%(upstream:short)%00%(objectname)%00%(upstream:track)%00%(upstream:remotename)%00%(upstream:remoteref) refs/heads/main refs/remotes/main [2ms]
2025-04-23 16:24:43.272 [info] > git status -z -uall [3ms]
2025-04-23 16:24:43.273 [info] > git for-each-ref --sort -committerdate --format %(refname)%00%(objectname)%00%(*objectname) [2ms]
2025-04-23 16:30:46.264 [info] > git show --textconv :pert1/pert1.md [4ms]
2025-04-23 16:30:46.266 [info] > git ls-files --stage -- pert1/pert1.md [2ms]
2025-04-23 16:30:46.271 [info] > git cat-file -s 636159eb9cf3db4f55cb8088acd8b6f350a1a865 [1ms]
2025-04-23 16:30:47.027 [info] > git ls-files --stage -- pert1/struktur_data.puml [2ms]
2025-04-23 16:30:47.032 [info] > git show --textconv :pert1/struktur_data.puml [10ms]
2025-04-23 16:30:47.032 [info] > git cat-file -s fe1a865e9b42b91f6ffa8347528b11f0bb0ce1a7 [2ms]
2025-04-23 16:30:49.049 [info] > git show --textconv :pert2/pert2.md [4ms]
2025-04-23 16:30:49.050 [info] > git ls-files --stage -- pert2/pert2.md [2ms]
2025-04-23 16:30:49.057 [info] > git cat-file -s b4a9472030ed1a2d49490204db4b2601414e0ec9 [3ms]
