2025-04-23 14:05:13.640 [info] [main] Log level: Info
2025-04-23 14:05:13.640 [info] [main] Validating found git in: "git"
2025-04-23 14:05:13.640 [info] [main] Using git "2.43.0" from "git"
2025-04-23 14:05:13.640 [info] [Model][doInitialScan] Initial repository scan started
2025-04-23 14:05:13.640 [info] > git rev-parse --show-toplevel [6ms]
2025-04-23 14:05:13.640 [info] > git rev-parse --git-dir --git-common-dir [13ms]
2025-04-23 14:05:13.640 [info] [Model][openRepository] Opened repository: /root/struktur_data/struktur_data
2025-04-23 14:05:13.642 [info] > git config --get commit.template [9ms]
2025-04-23 14:05:13.649 [info] > git rev-parse --show-toplevel [9ms]
2025-04-23 14:05:13.658 [info] > git rev-parse --show-toplevel [2ms]
2025-04-23 14:05:13.659 [info] > git for-each-ref --format=%(refname)%00%(upstream:short)%00%(objectname)%00%(upstream:track)%00%(upstream:remotename)%00%(upstream:remoteref) refs/heads/main refs/remotes/main [13ms]
2025-04-23 14:05:13.692 [info] > git status -z -uall [24ms]
2025-04-23 14:05:13.693 [info] > git rev-parse --show-toplevel [8ms]
2025-04-23 14:05:13.695 [info] > git for-each-ref --sort -committerdate --format %(refname)%00%(objectname)%00%(*objectname) [22ms]
2025-04-23 14:05:13.722 [info] > git rev-parse --show-toplevel [6ms]
2025-04-23 14:05:13.722 [info] > git for-each-ref --format=%(refname)%00%(upstream:short)%00%(objectname)%00%(upstream:track)%00%(upstream:remotename)%00%(upstream:remoteref) refs/heads/main refs/remotes/main [14ms]
2025-04-23 14:05:13.740 [info] > git config --get commit.template [20ms]
2025-04-23 14:05:13.746 [info] > git rev-parse --show-toplevel [8ms]
2025-04-23 14:05:13.751 [info] [Model][doInitialScan] Initial repository scan completed - repositories (1), closed repositories (0), parent repositories (0), unsafe repositories (0)
2025-04-23 14:05:13.751 [info] > git config --get --local branch.main.vscode-merge-base [22ms]
2025-04-23 14:05:13.751 [warning] [Git][config] git config failed: Failed to execute git
2025-04-23 14:05:13.760 [info] > git for-each-ref --format=%(refname)%00%(upstream:short)%00%(objectname)%00%(upstream:track)%00%(upstream:remotename)%00%(upstream:remoteref) refs/heads/main refs/remotes/main [15ms]
2025-04-23 14:05:13.777 [info] > git status -z -uall [11ms]
2025-04-23 14:05:13.777 [info] > git for-each-ref --sort -committerdate --format %(refname)%00%(objectname)%00%(*objectname) [3ms]
2025-04-23 14:05:13.875 [info] > git reflog main --grep-reflog=branch: Created from *. [119ms]
2025-04-23 14:05:13.889 [info] > git for-each-ref --format=%(refname)%00%(upstream:short)%00%(objectname)%00%(upstream:track)%00%(upstream:remotename)%00%(upstream:remoteref) refs/heads/main refs/remotes/main [16ms]
2025-04-23 14:05:13.896 [info] > git symbolic-ref --short refs/remotes/origin/HEAD [18ms]
2025-04-23 14:05:13.896 [info] fatal: ref refs/remotes/origin/HEAD is not a symbolic ref
2025-04-23 14:05:13.896 [warning] [Repository][getDefaultBranch] Failed to get default branch details: Failed to execute git.
2025-04-23 14:05:13.899 [info] > git config --get --local branch.main.vscode-merge-base [6ms]
2025-04-23 14:05:13.899 [warning] [Git][config] git config failed: Failed to execute git
2025-04-23 14:05:13.911 [info] > git reflog main --grep-reflog=branch: Created from *. [6ms]
2025-04-23 14:05:13.915 [info] > git symbolic-ref --short refs/remotes/origin/HEAD [1ms]
2025-04-23 14:05:13.915 [info] fatal: ref refs/remotes/origin/HEAD is not a symbolic ref
2025-04-23 14:05:13.915 [warning] [Repository][getDefaultBranch] Failed to get default branch details: Failed to execute git.
2025-04-23 14:05:14.157 [info] > git check-ignore -v -z --stdin [5ms]
2025-04-23 14:06:42.111 [info] > git check-ignore -v -z --stdin [32ms]
2025-04-23 14:06:42.278 [info] > git show --textconv :pert1/pert1.md [59ms]
2025-04-23 14:06:42.278 [info] > git ls-files --stage -- pert1/pert1.md [51ms]
2025-04-23 14:06:42.317 [info] > git hash-object -t tree /dev/null [13ms]
2025-04-23 14:06:42.320 [warning] [GitFileSystemProvider][readFile] File not found - git:/root/struktur_data/struktur_data/pert1/pert1.md.git?%7B%22path%22%3A%22%2Froot%2Fstruktur_data%2Fstruktur_data%2Fpert1%2Fpert1.md%22%2C%22ref%22%3A%22%22%7D
2025-04-23 14:06:42.332 [info] > git hash-object -t tree /dev/null [45ms]
2025-04-23 14:06:42.332 [warning] [GitFileSystemProvider][stat] File not found - git:/root/struktur_data/struktur_data/pert1/pert1.md.git?%7B%22path%22%3A%22%2Froot%2Fstruktur_data%2Fstruktur_data%2Fpert1%2Fpert1.md%22%2C%22ref%22%3A%22%22%7D
2025-04-23 14:06:42.583 [info] > git config --get commit.template [16ms]
2025-04-23 14:06:42.583 [info] > git for-each-ref --format=%(refname)%00%(upstream:short)%00%(objectname)%00%(upstream:track)%00%(upstream:remotename)%00%(upstream:remoteref) refs/heads/main refs/remotes/main [8ms]
2025-04-23 14:06:42.613 [info] > git status -z -uall [17ms]
2025-04-23 14:06:42.616 [info] > git for-each-ref --sort -committerdate --format %(refname)%00%(objectname)%00%(*objectname) [10ms]
2025-04-23 14:08:19.381 [info] > git show --textconv :pert1/struktur_data_data puml [49ms]
2025-04-23 14:08:19.394 [warning] [GitFileSystemProvider][readFile] File not found - git:/root/struktur_data/struktur_data/pert1/struktur_data_data%20puml.git?%7B%22path%22%3A%22%2Froot%2Fstruktur_data%2Fstruktur_data%2Fpert1%2Fstruktur_data_data%20puml%22%2C%22ref%22%3A%22%22%7D
2025-04-23 14:08:19.400 [info] > git ls-files --stage -- pert1/struktur_data_data puml [27ms]
2025-04-23 14:08:19.406 [warning] [GitFileSystemProvider][stat] File not found - git:/root/struktur_data/struktur_data/pert1/struktur_data_data%20puml.git?%7B%22path%22%3A%22%2Froot%2Fstruktur_data%2Fstruktur_data%2Fpert1%2Fstruktur_data_data%20puml%22%2C%22ref%22%3A%22%22%7D
2025-04-23 14:08:19.592 [info] > git check-ignore -v -z --stdin [15ms]
2025-04-23 14:08:20.282 [info] > git config --get commit.template [45ms]
2025-04-23 14:08:20.286 [info] > git for-each-ref --format=%(refname)%00%(upstream:short)%00%(objectname)%00%(upstream:track)%00%(upstream:remotename)%00%(upstream:remoteref) refs/heads/main refs/remotes/main [19ms]
2025-04-23 14:08:20.337 [info] > git status -z -uall [24ms]
2025-04-23 14:08:20.342 [info] > git for-each-ref --sort -committerdate --format %(refname)%00%(objectname)%00%(*objectname) [9ms]
