2025-04-23 13:17:19.086 [info] Extension host with pid 456 started
2025-04-23 13:17:19.165 [info] ExtensionService#_doActivateExtension vscode.emmet, startup: false, activationEvent: 'onLanguage'
2025-04-23 13:17:19.367 [error] Error: EEXIST: file already exists, open '/root/.vscode-server/data/User/workspaceStorage/d1987777fdc2bb89927082a38b5bb0ff/vscode.lock'
2025-04-23 13:17:19.408 [info] Lock '/root/.vscode-server/data/User/workspaceStorage/d1987777fdc2bb89927082a38b5bb0ff/vscode.lock': Could not acquire lock, checking if the file is stale.
2025-04-23 13:17:19.429 [info] Lock '/root/.vscode-server/data/User/workspaceStorage/d1987777fdc2bb89927082a38b5bb0ff/vscode.lock': The pid 989 appears to be gone.
2025-04-23 13:17:19.429 [info] Lock '/root/.vscode-server/data/User/workspaceStorage/d1987777fdc2bb89927082a38b5bb0ff/vscode.lock': Deleting a stale lock.
2025-04-23 13:17:20.168 [info] ExtensionService#_doActivateExtension vscode.git-base, startup: true, activationEvent: '*'
2025-04-23 13:17:20.457 [info] Lock '/root/.vscode-server/data/User/workspaceStorage/d1987777fdc2bb89927082a38b5bb0ff/vscode.lock': Lock acquired.
2025-04-23 13:17:20.574 [info] ExtensionService#_doActivateExtension vscode.github, startup: true, activationEvent: '*'
2025-04-23 13:17:20.742 [info] Eager extensions activated
2025-04-23 13:17:20.743 [info] ExtensionService#_doActivateExtension vscode.debug-auto-launch, startup: false, activationEvent: 'onStartupFinished'
2025-04-23 13:17:20.744 [info] ExtensionService#_doActivateExtension vscode.merge-conflict, startup: false, activationEvent: 'onStartupFinished'
2025-04-23 13:20:21.593 [info] ExtensionService#_doActivateExtension vscode.git, startup: false, activationEvent: 'api', root cause: vscode.github
2025-04-23 13:20:25.430 [info] ExtensionService#_doActivateExtension vscode.ipynb, startup: false, activationEvent: 'onNotebookSerializer:jupyter-notebook'
2025-04-23 13:24:29.624 [info] ExtensionService#_doActivateExtension ms-toolsai.vscode-jupyter-cell-tags, startup: false, activationEvent: 'onNotebook:jupyter-notebook'
2025-04-23 13:24:33.136 [info] ExtensionService#_doActivateExtension ms-toolsai.vscode-jupyter-slideshow, startup: false, activationEvent: 'onNotebook:jupyter-notebook'
2025-04-23 13:33:35.408 [info] ExtensionService#_doActivateExtension ms-toolsai.jupyter, startup: false, activationEvent: 'onNotebook:jupyter-notebook'
2025-04-23 13:33:35.904 [info] ExtensionService#_doActivateExtension ms-toolsai.jupyter-renderers, startup: false, activationEvent: 'api', root cause: ms-toolsai.jupyter
2025-04-23 13:50:08.196 [info] Extension host terminating: received terminate message from renderer
2025-04-23 13:50:08.198 [info] Lock '/root/.vscode-server/data/User/workspaceStorage/d1987777fdc2bb89927082a38b5bb0ff/vscode.lock': Marking the lockfile as scheduled to be released in 6000 ms.
2025-04-23 13:50:08.522 [info] Extension host with pid 456 exiting with code 0
